Performing C++ SOURCE FILE Test TLX_CXX_HAS_CXX20 failed with the following output:
Change Dir: /home/ubuntu/tlx/CMakeFiles/CMakeTmp

Run Build Command:"/usr/bin/make" "cmTC_57363/fast"
/usr/bin/make -f CMakeFiles/cmTC_57363.dir/build.make CMakeFiles/cmTC_57363.dir/build
make[1]: Entering directory '/home/ubuntu/tlx/CMakeFiles/CMakeTmp'
Building CXX object CMakeFiles/cmTC_57363.dir/src.cxx.o
/usr/bin/c++    -g -W -Wall -Wextra -fPIC  -DTLX_CXX_HAS_CXX20   -std=c++20 -o CMakeFiles/cmTC_57363.dir/src.cxx.o -c /home/ubuntu/tlx/CMakeFiles/CMakeTmp/src.cxx
c++: error: unrecognized command line option '-std=c++20'; did you mean '-std=c++03'?
CMakeFiles/cmTC_57363.dir/build.make:65: recipe for target 'CMakeFiles/cmTC_57363.dir/src.cxx.o' failed
make[1]: *** [CMakeFiles/cmTC_57363.dir/src.cxx.o] Error 1
make[1]: Leaving directory '/home/ubuntu/tlx/CMakeFiles/CMakeTmp'
Makefile:126: recipe for target 'cmTC_57363/fast' failed
make: *** [cmTC_57363/fast] Error 2

Source file was:
int main() { return 0; }
Determining if the pthread_create exist failed with the following output:
Change Dir: /home/ubuntu/tlx/CMakeFiles/CMakeTmp

Run Build Command:"/usr/bin/make" "cmTC_ac368/fast"
/usr/bin/make -f CMakeFiles/cmTC_ac368.dir/build.make CMakeFiles/cmTC_ac368.dir/build
make[1]: Entering directory '/home/ubuntu/tlx/CMakeFiles/CMakeTmp'
Building C object CMakeFiles/cmTC_ac368.dir/CheckSymbolExists.c.o
/usr/bin/cc    -o CMakeFiles/cmTC_ac368.dir/CheckSymbolExists.c.o   -c /home/ubuntu/tlx/CMakeFiles/CMakeTmp/CheckSymbolExists.c
Linking C executable cmTC_ac368
/usr/bin/cmake -E cmake_link_script CMakeFiles/cmTC_ac368.dir/link.txt --verbose=1
/usr/bin/cc      -rdynamic CMakeFiles/cmTC_ac368.dir/CheckSymbolExists.c.o  -o cmTC_ac368 
CMakeFiles/cmTC_ac368.dir/CheckSymbolExists.c.o: In function `main':
CheckSymbolExists.c:(.text+0x1b): undefined reference to `pthread_create'
collect2: error: ld returned 1 exit status
CMakeFiles/cmTC_ac368.dir/build.make:97: recipe for target 'cmTC_ac368' failed
make[1]: *** [cmTC_ac368] Error 1
make[1]: Leaving directory '/home/ubuntu/tlx/CMakeFiles/CMakeTmp'
Makefile:126: recipe for target 'cmTC_ac368/fast' failed
make: *** [cmTC_ac368/fast] Error 2

File /home/ubuntu/tlx/CMakeFiles/CMakeTmp/CheckSymbolExists.c:
/* */
#include <pthread.h>

int main(int argc, char** argv)
{
  (void)argv;
#ifndef pthread_create
  return ((int*)(&pthread_create))[argc];
#else
  (void)argc;
  return 0;
#endif
}

Determining if the function pthread_create exists in the pthreads failed with the following output:
Change Dir: /home/ubuntu/tlx/CMakeFiles/CMakeTmp

Run Build Command:"/usr/bin/make" "cmTC_b1c24/fast"
/usr/bin/make -f CMakeFiles/cmTC_b1c24.dir/build.make CMakeFiles/cmTC_b1c24.dir/build
make[1]: Entering directory '/home/ubuntu/tlx/CMakeFiles/CMakeTmp'
Building C object CMakeFiles/cmTC_b1c24.dir/CheckFunctionExists.c.o
/usr/bin/cc   -DCHECK_FUNCTION_EXISTS=pthread_create   -o CMakeFiles/cmTC_b1c24.dir/CheckFunctionExists.c.o   -c /usr/share/cmake-3.10/Modules/CheckFunctionExists.c
Linking C executable cmTC_b1c24
/usr/bin/cmake -E cmake_link_script CMakeFiles/cmTC_b1c24.dir/link.txt --verbose=1
/usr/bin/cc  -DCHECK_FUNCTION_EXISTS=pthread_create    -rdynamic CMakeFiles/cmTC_b1c24.dir/CheckFunctionExists.c.o  -o cmTC_b1c24 -lpthreads 
/usr/bin/ld: cannot find -lpthreads
collect2: error: ld returned 1 exit status
CMakeFiles/cmTC_b1c24.dir/build.make:97: recipe for target 'cmTC_b1c24' failed
make[1]: *** [cmTC_b1c24] Error 1
make[1]: Leaving directory '/home/ubuntu/tlx/CMakeFiles/CMakeTmp'
Makefile:126: recipe for target 'cmTC_b1c24/fast' failed
make: *** [cmTC_b1c24/fast] Error 2


